2023-07-15T13:59:25.227+06:00  INFO 12968 --- [main] c.e.s.SilkpayTestAssignmentApplication   : Starting SilkpayTestAssignmentApplication using Java 18 with PID 12968 (C:\Users\Chingiz\IdeaProjects\silkpay-test-assignment\build\classes\java\main started by Chingiz in C:\Users\Chingiz\IdeaProjects\silkpay-test-assignment)
2023-07-15T13:59:25.230+06:00  INFO 12968 --- [main] c.e.s.SilkpayTestAssignmentApplication   : No active profile set, falling back to 1 default profile: "default"
2023-07-15T13:59:26.013+06:00  INFO 12968 --- [main] .s.d.r.c.RepositoryConfigurationDelegate : Bootstrapping Spring Data JPA repositories in DEFAULT mode.
2023-07-15T13:59:26.090+06:00  INFO 12968 --- [main] .s.d.r.c.RepositoryConfigurationDelegate : Finished Spring Data repository scanning in 57 ms. Found 4 JPA repository interfaces.
2023-07-15T13:59:26.565+06:00  INFO 12968 --- [main] o.s.b.w.embedded.tomcat.TomcatWebServer  : Tomcat initialized with port(s): 8080 (http)
2023-07-15T13:59:26.574+06:00  INFO 12968 --- [main] o.apache.catalina.core.StandardService   : Starting service [Tomcat]
2023-07-15T13:59:26.574+06:00  INFO 12968 --- [main] o.apache.catalina.core.StandardEngine    : Starting Servlet engine: [Apache Tomcat/10.1.10]
2023-07-15T13:59:26.654+06:00  INFO 12968 --- [main] o.a.c.c.C.[Tomcat].[localhost].[/]       : Initializing Spring embedded WebApplicationContext
2023-07-15T13:59:26.654+06:00  INFO 12968 --- [main] w.s.c.ServletWebServerApplicationContext : Root WebApplicationContext: initialization completed in 1368 ms
2023-07-15T13:59:26.677+06:00  INFO 12968 --- [main] com.zaxxer.hikari.HikariDataSource       : HikariPool-1 - Starting...
2023-07-15T13:59:26.871+06:00  INFO 12968 --- [main] com.zaxxer.hikari.pool.HikariPool        : HikariPool-1 - Added connection conn0: url=jdbc:h2:mem:silkpay user=SHYNGYS
2023-07-15T13:59:26.872+06:00  INFO 12968 --- [main] com.zaxxer.hikari.HikariDataSource       : HikariPool-1 - Start completed.
2023-07-15T13:59:26.882+06:00  INFO 12968 --- [main] o.s.b.a.h2.H2ConsoleAutoConfiguration    : H2 console available at '/h2-console'. Database available at 'jdbc:h2:mem:silkpay'
2023-07-15T13:59:27.033+06:00  INFO 12968 --- [main] o.hibernate.jpa.internal.util.LogHelper  : HHH000204: Processing PersistenceUnitInfo [name: default]
2023-07-15T13:59:27.074+06:00  INFO 12968 --- [main] org.hibernate.Version                    : HHH000412: Hibernate ORM core version 6.1.7.Final
2023-07-15T13:59:27.351+06:00  INFO 12968 --- [main] SQL dialect                              : HHH000400: Using dialect: org.hibernate.dialect.H2Dialect
2023-07-15T13:59:28.071+06:00  INFO 12968 --- [main] o.h.e.t.j.p.i.JtaPlatformInitiator       : HHH000490: Using JtaPlatform implementation: [org.hibernate.engine.transaction.jta.platform.internal.NoJtaPlatform]
2023-07-15T13:59:28.081+06:00  INFO 12968 --- [main] j.LocalContainerEntityManagerFactoryBean : Initialized JPA EntityManagerFactory for persistence unit 'default'
2023-07-15T13:59:28.668+06:00  WARN 12968 --- [main] JpaBaseConfiguration$JpaWebConfiguration : spring.jpa.open-in-view is enabled by default. Therefore, database queries may be performed during view rendering. Explicitly configure spring.jpa.open-in-view to disable this warning
2023-07-15T13:59:29.305+06:00  INFO 12968 --- [main] o.s.s.web.DefaultSecurityFilterChain     : Will secure any request with [org.springframework.security.web.session.DisableEncodeUrlFilter@267a8777, org.springframework.security.web.context.request.async.WebAsyncManagerIntegrationFilter@175c26ff, org.springframework.security.web.context.SecurityContextHolderFilter@3df54fd5, org.springframework.security.web.header.HeaderWriterFilter@2468c0e4, org.springframework.security.web.authentication.logout.LogoutFilter@14b9817b, org.springframework.security.web.authentication.www.BasicAuthenticationFilter@11c40a65, org.springframework.security.web.savedrequest.RequestCacheAwareFilter@178c4480, org.springframework.security.web.servletapi.SecurityContextHolderAwareRequestFilter@2cdd156b, org.springframework.security.web.authentication.AnonymousAuthenticationFilter@623bdc46, org.springframework.security.web.access.ExceptionTranslationFilter@39179470, org.springframework.security.web.access.intercept.AuthorizationFilter@5bfeb9ba]
2023-07-15T13:59:29.560+06:00  INFO 12968 --- [main] o.s.b.w.embedded.tomcat.TomcatWebServer  : Tomcat started on port(s): 8080 (http) with context path ''
2023-07-15T13:59:29.569+06:00  INFO 12968 --- [main] c.e.s.SilkpayTestAssignmentApplication   : Started SilkpayTestAssignmentApplication in 4.756 seconds (process running for 5.23)
2023-07-15T13:59:48.820+06:00  INFO 12968 --- [http-nio-8080-exec-1] o.a.c.c.C.[Tomcat].[localhost].[/]       : Initializing Spring DispatcherServlet 'dispatcherServlet'
2023-07-15T13:59:48.821+06:00  INFO 12968 --- [http-nio-8080-exec-1] o.s.web.servlet.DispatcherServlet        : Initializing Servlet 'dispatcherServlet'
2023-07-15T13:59:48.822+06:00  INFO 12968 --- [http-nio-8080-exec-1] o.s.web.servlet.DispatcherServlet        : Completed initialization in 1 ms
2023-07-15T13:59:50.797+06:00  WARN 12968 --- [http-nio-8080-exec-3] ocalVariableTableParameterNameDiscoverer : Using deprecated '-debug' fallback for parameter name resolution. Compile the affected code with '-parameters' instead or avoid its introspection: com.example.silkpaytestassignment.controller.WalletController
2023-07-15T13:59:50.937+06:00  WARN 12968 --- [http-nio-8080-exec-3] ocalVariableTableParameterNameDiscoverer : Using deprecated '-debug' fallback for parameter name resolution. Compile the affected code with '-parameters' instead or avoid its introspection: com.example.silkpaytestassignment.controller.UserController
2023-07-15T13:59:50.942+06:00  WARN 12968 --- [http-nio-8080-exec-3] ocalVariableTableParameterNameDiscoverer : Using deprecated '-debug' fallback for parameter name resolution. Compile the affected code with '-parameters' instead or avoid its introspection: com.example.silkpaytestassignment.controller.TransactionController
2023-07-15T13:59:50.952+06:00  WARN 12968 --- [http-nio-8080-exec-3] ocalVariableTableParameterNameDiscoverer : Using deprecated '-debug' fallback for parameter name resolution. Compile the affected code with '-parameters' instead or avoid its introspection: com.example.silkpaytestassignment.controller.AccountController
2023-07-15T13:59:50.975+06:00  INFO 12968 --- [http-nio-8080-exec-3] o.springdoc.api.AbstractOpenApiResource  : Init duration for springdoc-openapi is: 211 ms
2023-07-15T14:02:34.249+06:00  INFO 12968 --- [SpringApplicationShutdownHook] j.LocalContainerEntityManagerFactoryBean : Closing JPA EntityManagerFactory for persistence unit 'default'
2023-07-15T14:02:34.252+06:00  INFO 12968 --- [SpringApplicationShutdownHook] com.zaxxer.hikari.HikariDataSource       : HikariPool-1 - Shutdown initiated...
2023-07-15T14:02:34.254+06:00  INFO 12968 --- [SpringApplicationShutdownHook] com.zaxxer.hikari.HikariDataSource       : HikariPool-1 - Shutdown completed.
2023-07-15T14:02:42.661+06:00  INFO 5032 --- [main] c.e.s.SilkpayTestAssignmentApplication   : Starting SilkpayTestAssignmentApplication using Java 18 with PID 5032 (C:\Users\Chingiz\IdeaProjects\silkpay-test-assignment\build\classes\java\main started by Chingiz in C:\Users\Chingiz\IdeaProjects\silkpay-test-assignment)
2023-07-15T14:02:42.663+06:00  INFO 5032 --- [main] c.e.s.SilkpayTestAssignmentApplication   : No active profile set, falling back to 1 default profile: "default"
2023-07-15T14:02:43.441+06:00  INFO 5032 --- [main] .s.d.r.c.RepositoryConfigurationDelegate : Bootstrapping Spring Data JPA repositories in DEFAULT mode.
2023-07-15T14:02:43.513+06:00  INFO 5032 --- [main] .s.d.r.c.RepositoryConfigurationDelegate : Finished Spring Data repository scanning in 64 ms. Found 4 JPA repository interfaces.
2023-07-15T14:02:44.008+06:00  INFO 5032 --- [main] o.s.b.w.embedded.tomcat.TomcatWebServer  : Tomcat initialized with port(s): 8080 (http)
2023-07-15T14:02:44.017+06:00  INFO 5032 --- [main] o.apache.catalina.core.StandardService   : Starting service [Tomcat]
2023-07-15T14:02:44.018+06:00  INFO 5032 --- [main] o.apache.catalina.core.StandardEngine    : Starting Servlet engine: [Apache Tomcat/10.1.10]
2023-07-15T14:02:44.105+06:00  INFO 5032 --- [main] o.a.c.c.C.[Tomcat].[localhost].[/]       : Initializing Spring embedded WebApplicationContext
2023-07-15T14:02:44.105+06:00  INFO 5032 --- [main] w.s.c.ServletWebServerApplicationContext : Root WebApplicationContext: initialization completed in 1390 ms
2023-07-15T14:02:44.130+06:00  INFO 5032 --- [main] com.zaxxer.hikari.HikariDataSource       : HikariPool-1 - Starting...
2023-07-15T14:02:44.346+06:00  INFO 5032 --- [main] com.zaxxer.hikari.pool.HikariPool        : HikariPool-1 - Added connection conn0: url=jdbc:h2:mem:silkpay user=SHYNGYS
2023-07-15T14:02:44.348+06:00  INFO 5032 --- [main] com.zaxxer.hikari.HikariDataSource       : HikariPool-1 - Start completed.
2023-07-15T14:02:44.358+06:00  INFO 5032 --- [main] o.s.b.a.h2.H2ConsoleAutoConfiguration    : H2 console available at '/h2-console'. Database available at 'jdbc:h2:mem:silkpay'
2023-07-15T14:02:44.524+06:00  INFO 5032 --- [main] o.hibernate.jpa.internal.util.LogHelper  : HHH000204: Processing PersistenceUnitInfo [name: default]
2023-07-15T14:02:44.588+06:00  INFO 5032 --- [main] org.hibernate.Version                    : HHH000412: Hibernate ORM core version 6.1.7.Final
2023-07-15T14:02:44.918+06:00  INFO 5032 --- [main] SQL dialect                              : HHH000400: Using dialect: org.hibernate.dialect.H2Dialect
2023-07-15T14:02:45.693+06:00  INFO 5032 --- [main] o.h.e.t.j.p.i.JtaPlatformInitiator       : HHH000490: Using JtaPlatform implementation: [org.hibernate.engine.transaction.jta.platform.internal.NoJtaPlatform]
2023-07-15T14:02:45.704+06:00  INFO 5032 --- [main] j.LocalContainerEntityManagerFactoryBean : Initialized JPA EntityManagerFactory for persistence unit 'default'
2023-07-15T14:02:46.172+06:00  WARN 5032 --- [main] JpaBaseConfiguration$JpaWebConfiguration : spring.jpa.open-in-view is enabled by default. Therefore, database queries may be performed during view rendering. Explicitly configure spring.jpa.open-in-view to disable this warning
2023-07-15T14:02:46.755+06:00  INFO 5032 --- [main] o.s.s.web.DefaultSecurityFilterChain     : Will secure any request with [org.springframework.security.web.session.DisableEncodeUrlFilter@60317de8, org.springframework.security.web.context.request.async.WebAsyncManagerIntegrationFilter@363e2009, org.springframework.security.web.context.SecurityContextHolderFilter@27ea552d, org.springframework.security.web.header.HeaderWriterFilter@65871cfd, org.springframework.security.web.authentication.logout.LogoutFilter@5746609e, org.springframework.security.web.authentication.www.BasicAuthenticationFilter@15af06f, org.springframework.security.web.savedrequest.RequestCacheAwareFilter@742aa00a, org.springframework.security.web.servletapi.SecurityContextHolderAwareRequestFilter@3b62c51e, org.springframework.security.web.authentication.AnonymousAuthenticationFilter@7b55fc83, org.springframework.security.web.access.ExceptionTranslationFilter@198a0416, org.springframework.security.web.access.intercept.AuthorizationFilter@106ac5f4]
2023-07-15T14:02:47.017+06:00  INFO 5032 --- [main] o.s.b.w.embedded.tomcat.TomcatWebServer  : Tomcat started on port(s): 8080 (http) with context path ''
2023-07-15T14:02:47.026+06:00  INFO 5032 --- [main] c.e.s.SilkpayTestAssignmentApplication   : Started SilkpayTestAssignmentApplication in 4.734 seconds (process running for 5.278)
2023-07-15T14:02:51.357+06:00  INFO 5032 --- [http-nio-8080-exec-1] o.a.c.c.C.[Tomcat].[localhost].[/]       : Initializing Spring DispatcherServlet 'dispatcherServlet'
2023-07-15T14:02:51.357+06:00  INFO 5032 --- [http-nio-8080-exec-1] o.s.web.servlet.DispatcherServlet        : Initializing Servlet 'dispatcherServlet'
2023-07-15T14:02:51.358+06:00  INFO 5032 --- [http-nio-8080-exec-1] o.s.web.servlet.DispatcherServlet        : Completed initialization in 1 ms
2023-07-15T14:02:53.114+06:00  WARN 5032 --- [http-nio-8080-exec-9] ocalVariableTableParameterNameDiscoverer : Using deprecated '-debug' fallback for parameter name resolution. Compile the affected code with '-parameters' instead or avoid its introspection: com.example.silkpaytestassignment.controller.WalletController
2023-07-15T14:02:53.255+06:00  WARN 5032 --- [http-nio-8080-exec-9] ocalVariableTableParameterNameDiscoverer : Using deprecated '-debug' fallback for parameter name resolution. Compile the affected code with '-parameters' instead or avoid its introspection: com.example.silkpaytestassignment.controller.UserController
2023-07-15T14:02:53.258+06:00  WARN 5032 --- [http-nio-8080-exec-9] ocalVariableTableParameterNameDiscoverer : Using deprecated '-debug' fallback for parameter name resolution. Compile the affected code with '-parameters' instead or avoid its introspection: com.example.silkpaytestassignment.controller.TransactionController
2023-07-15T14:02:53.268+06:00  WARN 5032 --- [http-nio-8080-exec-9] ocalVariableTableParameterNameDiscoverer : Using deprecated '-debug' fallback for parameter name resolution. Compile the affected code with '-parameters' instead or avoid its introspection: com.example.silkpaytestassignment.controller.AccountController
2023-07-15T14:02:53.290+06:00  INFO 5032 --- [http-nio-8080-exec-9] o.springdoc.api.AbstractOpenApiResource  : Init duration for springdoc-openapi is: 207 ms
2023-07-15T14:08:59.831+06:00  INFO 5032 --- [SpringApplicationShutdownHook] j.LocalContainerEntityManagerFactoryBean : Closing JPA EntityManagerFactory for persistence unit 'default'
2023-07-15T14:08:59.834+06:00  INFO 5032 --- [SpringApplicationShutdownHook] com.zaxxer.hikari.HikariDataSource       : HikariPool-1 - Shutdown initiated...
2023-07-15T14:08:59.836+06:00  INFO 5032 --- [SpringApplicationShutdownHook] com.zaxxer.hikari.HikariDataSource       : HikariPool-1 - Shutdown completed.
2023-07-15T14:09:04.115+06:00  INFO 7440 --- [main] c.e.s.SilkpayTestAssignmentApplication   : Starting SilkpayTestAssignmentApplication using Java 18 with PID 7440 (C:\Users\Chingiz\IdeaProjects\silkpay-test-assignment\build\classes\java\main started by Chingiz in C:\Users\Chingiz\IdeaProjects\silkpay-test-assignment)
2023-07-15T14:09:04.117+06:00  INFO 7440 --- [main] c.e.s.SilkpayTestAssignmentApplication   : No active profile set, falling back to 1 default profile: "default"
2023-07-15T14:09:04.891+06:00  INFO 7440 --- [main] .s.d.r.c.RepositoryConfigurationDelegate : Bootstrapping Spring Data JPA repositories in DEFAULT mode.
2023-07-15T14:09:04.965+06:00  INFO 7440 --- [main] .s.d.r.c.RepositoryConfigurationDelegate : Finished Spring Data repository scanning in 66 ms. Found 4 JPA repository interfaces.
2023-07-15T14:09:05.437+06:00  INFO 7440 --- [main] o.s.b.w.embedded.tomcat.TomcatWebServer  : Tomcat initialized with port(s): 8080 (http)
2023-07-15T14:09:05.446+06:00  INFO 7440 --- [main] o.apache.catalina.core.StandardService   : Starting service [Tomcat]
2023-07-15T14:09:05.446+06:00  INFO 7440 --- [main] o.apache.catalina.core.StandardEngine    : Starting Servlet engine: [Apache Tomcat/10.1.10]
2023-07-15T14:09:05.541+06:00  INFO 7440 --- [main] o.a.c.c.C.[Tomcat].[localhost].[/]       : Initializing Spring embedded WebApplicationContext
2023-07-15T14:09:05.541+06:00  INFO 7440 --- [main] w.s.c.ServletWebServerApplicationContext : Root WebApplicationContext: initialization completed in 1373 ms
2023-07-15T14:09:05.567+06:00  INFO 7440 --- [main] com.zaxxer.hikari.HikariDataSource       : HikariPool-1 - Starting...
2023-07-15T14:09:05.735+06:00  INFO 7440 --- [main] com.zaxxer.hikari.pool.HikariPool        : HikariPool-1 - Added connection conn0: url=jdbc:h2:mem:silkpay user=SHYNGYS
2023-07-15T14:09:05.737+06:00  INFO 7440 --- [main] com.zaxxer.hikari.HikariDataSource       : HikariPool-1 - Start completed.
2023-07-15T14:09:05.746+06:00  INFO 7440 --- [main] o.s.b.a.h2.H2ConsoleAutoConfiguration    : H2 console available at '/h2-console'. Database available at 'jdbc:h2:mem:silkpay'
2023-07-15T14:09:05.903+06:00  INFO 7440 --- [main] o.hibernate.jpa.internal.util.LogHelper  : HHH000204: Processing PersistenceUnitInfo [name: default]
2023-07-15T14:09:05.943+06:00  INFO 7440 --- [main] org.hibernate.Version                    : HHH000412: Hibernate ORM core version 6.1.7.Final
2023-07-15T14:09:06.218+06:00  INFO 7440 --- [main] SQL dialect                              : HHH000400: Using dialect: org.hibernate.dialect.H2Dialect
2023-07-15T14:09:06.919+06:00  INFO 7440 --- [main] o.h.e.t.j.p.i.JtaPlatformInitiator       : HHH000490: Using JtaPlatform implementation: [org.hibernate.engine.transaction.jta.platform.internal.NoJtaPlatform]
2023-07-15T14:09:06.928+06:00  INFO 7440 --- [main] j.LocalContainerEntityManagerFactoryBean : Initialized JPA EntityManagerFactory for persistence unit 'default'
2023-07-15T14:09:07.378+06:00  WARN 7440 --- [main] JpaBaseConfiguration$JpaWebConfiguration : spring.jpa.open-in-view is enabled by default. Therefore, database queries may be performed during view rendering. Explicitly configure spring.jpa.open-in-view to disable this warning
2023-07-15T14:09:07.992+06:00  INFO 7440 --- [main] o.s.s.web.DefaultSecurityFilterChain     : Will secure any request with [org.springframework.security.web.session.DisableEncodeUrlFilter@294ab038, org.springframework.security.web.context.request.async.WebAsyncManagerIntegrationFilter@395abe85, org.springframework.security.web.context.SecurityContextHolderFilter@5c648e38, org.springframework.security.web.header.HeaderWriterFilter@5eed2edf, org.springframework.security.web.authentication.logout.LogoutFilter@26361572, org.springframework.security.web.authentication.www.BasicAuthenticationFilter@5318731f, org.springframework.security.web.savedrequest.RequestCacheAwareFilter@395c21ee, org.springframework.security.web.servletapi.SecurityContextHolderAwareRequestFilter@13b5598b, org.springframework.security.web.authentication.AnonymousAuthenticationFilter@55849272, org.springframework.security.web.access.ExceptionTranslationFilter@54816d7a, org.springframework.security.web.access.intercept.AuthorizationFilter@1196537d]
2023-07-15T14:09:08.238+06:00  INFO 7440 --- [main] o.s.b.w.embedded.tomcat.TomcatWebServer  : Tomcat started on port(s): 8080 (http) with context path ''
2023-07-15T14:09:08.247+06:00  INFO 7440 --- [main] c.e.s.SilkpayTestAssignmentApplication   : Started SilkpayTestAssignmentApplication in 4.501 seconds (process running for 5.049)
2023-07-15T14:15:33.685+06:00  INFO 7440 --- [SpringApplicationShutdownHook] j.LocalContainerEntityManagerFactoryBean : Closing JPA EntityManagerFactory for persistence unit 'default'
2023-07-15T14:15:33.687+06:00  INFO 7440 --- [SpringApplicationShutdownHook] com.zaxxer.hikari.HikariDataSource       : HikariPool-1 - Shutdown initiated...
2023-07-15T14:15:33.689+06:00  INFO 7440 --- [SpringApplicationShutdownHook] com.zaxxer.hikari.HikariDataSource       : HikariPool-1 - Shutdown completed.
2023-07-15T14:15:39.316+06:00  INFO 11404 --- [main] c.e.s.SilkpayTestAssignmentApplication   : Starting SilkpayTestAssignmentApplication using Java 18 with PID 11404 (C:\Users\Chingiz\IdeaProjects\silkpay-test-assignment\build\classes\java\main started by Chingiz in C:\Users\Chingiz\IdeaProjects\silkpay-test-assignment)
2023-07-15T14:15:39.318+06:00  INFO 11404 --- [main] c.e.s.SilkpayTestAssignmentApplication   : No active profile set, falling back to 1 default profile: "default"
2023-07-15T14:15:40.110+06:00  INFO 11404 --- [main] .s.d.r.c.RepositoryConfigurationDelegate : Bootstrapping Spring Data JPA repositories in DEFAULT mode.
2023-07-15T14:15:40.195+06:00  INFO 11404 --- [main] .s.d.r.c.RepositoryConfigurationDelegate : Finished Spring Data repository scanning in 69 ms. Found 4 JPA repository interfaces.
2023-07-15T14:15:40.666+06:00  INFO 11404 --- [main] o.s.b.w.embedded.tomcat.TomcatWebServer  : Tomcat initialized with port(s): 8080 (http)
2023-07-15T14:15:40.675+06:00  INFO 11404 --- [main] o.apache.catalina.core.StandardService   : Starting service [Tomcat]
2023-07-15T14:15:40.675+06:00  INFO 11404 --- [main] o.apache.catalina.core.StandardEngine    : Starting Servlet engine: [Apache Tomcat/10.1.10]
2023-07-15T14:15:40.760+06:00  INFO 11404 --- [main] o.a.c.c.C.[Tomcat].[localhost].[/]       : Initializing Spring embedded WebApplicationContext
2023-07-15T14:15:40.761+06:00  INFO 11404 --- [main] w.s.c.ServletWebServerApplicationContext : Root WebApplicationContext: initialization completed in 1393 ms
2023-07-15T14:15:40.784+06:00  INFO 11404 --- [main] com.zaxxer.hikari.HikariDataSource       : HikariPool-1 - Starting...
2023-07-15T14:15:40.966+06:00  INFO 11404 --- [main] com.zaxxer.hikari.pool.HikariPool        : HikariPool-1 - Added connection conn0: url=jdbc:h2:mem:silkpay user=SHYNGYS
2023-07-15T14:15:40.968+06:00  INFO 11404 --- [main] com.zaxxer.hikari.HikariDataSource       : HikariPool-1 - Start completed.
2023-07-15T14:15:40.977+06:00  INFO 11404 --- [main] o.s.b.a.h2.H2ConsoleAutoConfiguration    : H2 console available at '/h2-console'. Database available at 'jdbc:h2:mem:silkpay'
2023-07-15T14:15:41.126+06:00  INFO 11404 --- [main] o.hibernate.jpa.internal.util.LogHelper  : HHH000204: Processing PersistenceUnitInfo [name: default]
2023-07-15T14:15:41.170+06:00  INFO 11404 --- [main] org.hibernate.Version                    : HHH000412: Hibernate ORM core version 6.1.7.Final
2023-07-15T14:15:41.433+06:00  INFO 11404 --- [main] SQL dialect                              : HHH000400: Using dialect: org.hibernate.dialect.H2Dialect
2023-07-15T14:15:42.190+06:00  INFO 11404 --- [main] o.h.e.t.j.p.i.JtaPlatformInitiator       : HHH000490: Using JtaPlatform implementation: [org.hibernate.engine.transaction.jta.platform.internal.NoJtaPlatform]
2023-07-15T14:15:42.200+06:00  INFO 11404 --- [main] j.LocalContainerEntityManagerFactoryBean : Initialized JPA EntityManagerFactory for persistence unit 'default'
2023-07-15T14:15:42.648+06:00  WARN 11404 --- [main] JpaBaseConfiguration$JpaWebConfiguration : spring.jpa.open-in-view is enabled by default. Therefore, database queries may be performed during view rendering. Explicitly configure spring.jpa.open-in-view to disable this warning
2023-07-15T14:15:43.279+06:00  INFO 11404 --- [main] o.s.s.web.DefaultSecurityFilterChain     : Will secure any request with [org.springframework.security.web.session.DisableEncodeUrlFilter@74cf2d5f, org.springframework.security.web.context.request.async.WebAsyncManagerIntegrationFilter@14b9817b, org.springframework.security.web.context.SecurityContextHolderFilter@2f09907, org.springframework.security.web.header.HeaderWriterFilter@7db679, org.springframework.security.web.authentication.logout.LogoutFilter@5eed2edf, org.springframework.security.web.authentication.www.BasicAuthenticationFilter@57f6fc09, org.springframework.security.web.savedrequest.RequestCacheAwareFilter@5f8a29ca, org.springframework.security.web.servletapi.SecurityContextHolderAwareRequestFilter@31885b4b, org.springframework.security.web.authentication.AnonymousAuthenticationFilter@3052395d, org.springframework.security.web.access.ExceptionTranslationFilter@1ae90cb9, org.springframework.security.web.access.intercept.AuthorizationFilter@13b5598b]
2023-07-15T14:15:43.536+06:00  INFO 11404 --- [main] o.s.b.w.embedded.tomcat.TomcatWebServer  : Tomcat started on port(s): 8080 (http) with context path ''
2023-07-15T14:15:43.545+06:00  INFO 11404 --- [main] c.e.s.SilkpayTestAssignmentApplication   : Started SilkpayTestAssignmentApplication in 4.614 seconds (process running for 5.095)
2023-07-15T14:15:51.155+06:00  INFO 11404 --- [http-nio-8080-exec-1] o.a.c.c.C.[Tomcat].[localhost].[/]       : Initializing Spring DispatcherServlet 'dispatcherServlet'
2023-07-15T14:15:51.156+06:00  INFO 11404 --- [http-nio-8080-exec-1] o.s.web.servlet.DispatcherServlet        : Initializing Servlet 'dispatcherServlet'
2023-07-15T14:15:51.157+06:00  INFO 11404 --- [http-nio-8080-exec-1] o.s.web.servlet.DispatcherServlet        : Completed initialization in 1 ms
2023-07-15T14:15:52.865+06:00  WARN 11404 --- [http-nio-8080-exec-10] ocalVariableTableParameterNameDiscoverer : Using deprecated '-debug' fallback for parameter name resolution. Compile the affected code with '-parameters' instead or avoid its introspection: com.example.silkpaytestassignment.controller.WalletController
2023-07-15T14:15:53.002+06:00  WARN 11404 --- [http-nio-8080-exec-10] ocalVariableTableParameterNameDiscoverer : Using deprecated '-debug' fallback for parameter name resolution. Compile the affected code with '-parameters' instead or avoid its introspection: com.example.silkpaytestassignment.controller.UserController
2023-07-15T14:15:53.006+06:00  WARN 11404 --- [http-nio-8080-exec-10] ocalVariableTableParameterNameDiscoverer : Using deprecated '-debug' fallback for parameter name resolution. Compile the affected code with '-parameters' instead or avoid its introspection: com.example.silkpaytestassignment.controller.TransactionController
2023-07-15T14:15:53.015+06:00  WARN 11404 --- [http-nio-8080-exec-10] ocalVariableTableParameterNameDiscoverer : Using deprecated '-debug' fallback for parameter name resolution. Compile the affected code with '-parameters' instead or avoid its introspection: com.example.silkpaytestassignment.controller.AccountController
2023-07-15T14:15:53.036+06:00  INFO 11404 --- [http-nio-8080-exec-10] o.springdoc.api.AbstractOpenApiResource  : Init duration for springdoc-openapi is: 203 ms
2023-07-15T14:17:37.172+06:00  INFO 11404 --- [SpringApplicationShutdownHook] j.LocalContainerEntityManagerFactoryBean : Closing JPA EntityManagerFactory for persistence unit 'default'
2023-07-15T14:17:37.175+06:00  INFO 11404 --- [SpringApplicationShutdownHook] com.zaxxer.hikari.HikariDataSource       : HikariPool-1 - Shutdown initiated...
2023-07-15T14:17:37.177+06:00  INFO 11404 --- [SpringApplicationShutdownHook] com.zaxxer.hikari.HikariDataSource       : HikariPool-1 - Shutdown completed.
2023-07-15T14:20:54.155+06:00  INFO 15832 --- [main] c.e.s.SilkpayTestAssignmentApplication   : Starting SilkpayTestAssignmentApplication using Java 18 with PID 15832 (C:\Users\Chingiz\IdeaProjects\silkpay-test-assignment\build\classes\java\main started by Chingiz in C:\Users\Chingiz\IdeaProjects\silkpay-test-assignment)
2023-07-15T14:20:54.157+06:00  INFO 15832 --- [main] c.e.s.SilkpayTestAssignmentApplication   : No active profile set, falling back to 1 default profile: "default"
2023-07-15T14:20:54.910+06:00  INFO 15832 --- [main] .s.d.r.c.RepositoryConfigurationDelegate : Bootstrapping Spring Data JPA repositories in DEFAULT mode.
2023-07-15T14:20:54.975+06:00  INFO 15832 --- [main] .s.d.r.c.RepositoryConfigurationDelegate : Finished Spring Data repository scanning in 57 ms. Found 4 JPA repository interfaces.
2023-07-15T14:20:55.435+06:00  INFO 15832 --- [main] o.s.b.w.embedded.tomcat.TomcatWebServer  : Tomcat initialized with port(s): 8080 (http)
2023-07-15T14:20:55.444+06:00  INFO 15832 --- [main] o.apache.catalina.core.StandardService   : Starting service [Tomcat]
2023-07-15T14:20:55.444+06:00  INFO 15832 --- [main] o.apache.catalina.core.StandardEngine    : Starting Servlet engine: [Apache Tomcat/10.1.10]
2023-07-15T14:20:55.524+06:00  INFO 15832 --- [main] o.a.c.c.C.[Tomcat].[localhost].[/]       : Initializing Spring embedded WebApplicationContext
2023-07-15T14:20:55.524+06:00  INFO 15832 --- [main] w.s.c.ServletWebServerApplicationContext : Root WebApplicationContext: initialization completed in 1323 ms
2023-07-15T14:20:55.551+06:00  INFO 15832 --- [main] com.zaxxer.hikari.HikariDataSource       : HikariPool-1 - Starting...
2023-07-15T14:20:55.729+06:00  INFO 15832 --- [main] com.zaxxer.hikari.pool.HikariPool        : HikariPool-1 - Added connection conn0: url=jdbc:h2:mem:silkpay user=SHYNGYS
2023-07-15T14:20:55.731+06:00  INFO 15832 --- [main] com.zaxxer.hikari.HikariDataSource       : HikariPool-1 - Start completed.
2023-07-15T14:20:55.739+06:00  INFO 15832 --- [main] o.s.b.a.h2.H2ConsoleAutoConfiguration    : H2 console available at '/h2-console'. Database available at 'jdbc:h2:mem:silkpay'
2023-07-15T14:20:55.891+06:00  INFO 15832 --- [main] o.hibernate.jpa.internal.util.LogHelper  : HHH000204: Processing PersistenceUnitInfo [name: default]
2023-07-15T14:20:55.931+06:00  INFO 15832 --- [main] org.hibernate.Version                    : HHH000412: Hibernate ORM core version 6.1.7.Final
2023-07-15T14:20:56.190+06:00  INFO 15832 --- [main] SQL dialect                              : HHH000400: Using dialect: org.hibernate.dialect.H2Dialect
2023-07-15T14:20:56.893+06:00  INFO 15832 --- [main] o.h.e.t.j.p.i.JtaPlatformInitiator       : HHH000490: Using JtaPlatform implementation: [org.hibernate.engine.transaction.jta.platform.internal.NoJtaPlatform]
2023-07-15T14:20:56.902+06:00  INFO 15832 --- [main] j.LocalContainerEntityManagerFactoryBean : Initialized JPA EntityManagerFactory for persistence unit 'default'
2023-07-15T14:20:57.341+06:00  WARN 15832 --- [main] JpaBaseConfiguration$JpaWebConfiguration : spring.jpa.open-in-view is enabled by default. Therefore, database queries may be performed during view rendering. Explicitly configure spring.jpa.open-in-view to disable this warning
2023-07-15T14:20:57.934+06:00  INFO 15832 --- [main] o.s.s.web.DefaultSecurityFilterChain     : Will secure any request with [org.springframework.security.web.session.DisableEncodeUrlFilter@267a8777, org.springframework.security.web.context.request.async.WebAsyncManagerIntegrationFilter@175c26ff, org.springframework.security.web.context.SecurityContextHolderFilter@3df54fd5, org.springframework.security.web.header.HeaderWriterFilter@2468c0e4, org.springframework.security.web.authentication.logout.LogoutFilter@14b9817b, org.springframework.security.web.authentication.www.BasicAuthenticationFilter@11c40a65, org.springframework.security.web.savedrequest.RequestCacheAwareFilter@178c4480, org.springframework.security.web.servletapi.SecurityContextHolderAwareRequestFilter@2cdd156b, org.springframework.security.web.authentication.AnonymousAuthenticationFilter@623bdc46, org.springframework.security.web.access.ExceptionTranslationFilter@39179470, org.springframework.security.web.access.intercept.AuthorizationFilter@5bfeb9ba]
2023-07-15T14:20:58.182+06:00  INFO 15832 --- [main] o.s.b.w.embedded.tomcat.TomcatWebServer  : Tomcat started on port(s): 8080 (http) with context path ''
2023-07-15T14:20:58.191+06:00  INFO 15832 --- [main] c.e.s.SilkpayTestAssignmentApplication   : Started SilkpayTestAssignmentApplication in 4.402 seconds (process running for 4.998)
2023-07-15T14:21:19.812+06:00  INFO 15832 --- [SpringApplicationShutdownHook] j.LocalContainerEntityManagerFactoryBean : Closing JPA EntityManagerFactory for persistence unit 'default'
2023-07-15T14:21:19.814+06:00  INFO 15832 --- [SpringApplicationShutdownHook] com.zaxxer.hikari.HikariDataSource       : HikariPool-1 - Shutdown initiated...
2023-07-15T14:21:19.817+06:00  INFO 15832 --- [SpringApplicationShutdownHook] com.zaxxer.hikari.HikariDataSource       : HikariPool-1 - Shutdown completed.
2023-07-15T14:21:25.314+06:00  INFO 17284 --- [main] c.e.s.SilkpayTestAssignmentApplication   : Starting SilkpayTestAssignmentApplication using Java 18 with PID 17284 (C:\Users\Chingiz\IdeaProjects\silkpay-test-assignment\build\classes\java\main started by Chingiz in C:\Users\Chingiz\IdeaProjects\silkpay-test-assignment)
2023-07-15T14:21:25.317+06:00  INFO 17284 --- [main] c.e.s.SilkpayTestAssignmentApplication   : No active profile set, falling back to 1 default profile: "default"
2023-07-15T14:21:26.137+06:00  INFO 17284 --- [main] .s.d.r.c.RepositoryConfigurationDelegate : Bootstrapping Spring Data JPA repositories in DEFAULT mode.
2023-07-15T14:21:26.214+06:00  INFO 17284 --- [main] .s.d.r.c.RepositoryConfigurationDelegate : Finished Spring Data repository scanning in 67 ms. Found 4 JPA repository interfaces.
2023-07-15T14:21:26.774+06:00  INFO 17284 --- [main] o.s.b.w.embedded.tomcat.TomcatWebServer  : Tomcat initialized with port(s): 8080 (http)
2023-07-15T14:21:26.785+06:00  INFO 17284 --- [main] o.apache.catalina.core.StandardService   : Starting service [Tomcat]
2023-07-15T14:21:26.785+06:00  INFO 17284 --- [main] o.apache.catalina.core.StandardEngine    : Starting Servlet engine: [Apache Tomcat/10.1.10]
2023-07-15T14:21:26.879+06:00  INFO 17284 --- [main] o.a.c.c.C.[Tomcat].[localhost].[/]       : Initializing Spring embedded WebApplicationContext
2023-07-15T14:21:26.880+06:00  INFO 17284 --- [main] w.s.c.ServletWebServerApplicationContext : Root WebApplicationContext: initialization completed in 1516 ms
2023-07-15T14:21:26.906+06:00  INFO 17284 --- [main] com.zaxxer.hikari.HikariDataSource       : HikariPool-1 - Starting...
2023-07-15T14:21:27.109+06:00  INFO 17284 --- [main] com.zaxxer.hikari.pool.HikariPool        : HikariPool-1 - Added connection conn0: url=jdbc:h2:mem:silkpay user=SHYNGYS
2023-07-15T14:21:27.112+06:00  INFO 17284 --- [main] com.zaxxer.hikari.HikariDataSource       : HikariPool-1 - Start completed.
2023-07-15T14:21:27.135+06:00  INFO 17284 --- [main] o.s.b.a.h2.H2ConsoleAutoConfiguration    : H2 console available at '/h2-console'. Database available at 'jdbc:h2:mem:silkpay'
2023-07-15T14:21:27.293+06:00  INFO 17284 --- [main] o.hibernate.jpa.internal.util.LogHelper  : HHH000204: Processing PersistenceUnitInfo [name: default]
2023-07-15T14:21:27.352+06:00  INFO 17284 --- [main] org.hibernate.Version                    : HHH000412: Hibernate ORM core version 6.1.7.Final
2023-07-15T14:21:27.673+06:00  INFO 17284 --- [main] SQL dialect                              : HHH000400: Using dialect: org.hibernate.dialect.H2Dialect
2023-07-15T14:21:28.535+06:00  INFO 17284 --- [main] o.h.e.t.j.p.i.JtaPlatformInitiator       : HHH000490: Using JtaPlatform implementation: [org.hibernate.engine.transaction.jta.platform.internal.NoJtaPlatform]
2023-07-15T14:21:28.547+06:00  INFO 17284 --- [main] j.LocalContainerEntityManagerFactoryBean : Initialized JPA EntityManagerFactory for persistence unit 'default'
2023-07-15T14:21:29.073+06:00  WARN 17284 --- [main] JpaBaseConfiguration$JpaWebConfiguration : spring.jpa.open-in-view is enabled by default. Therefore, database queries may be performed during view rendering. Explicitly configure spring.jpa.open-in-view to disable this warning
2023-07-15T14:21:29.770+06:00  INFO 17284 --- [main] o.s.s.web.DefaultSecurityFilterChain     : Will secure any request with [org.springframework.security.web.session.DisableEncodeUrlFilter@3dcf6026, org.springframework.security.web.context.request.async.WebAsyncManagerIntegrationFilter@930911e, org.springframework.security.web.context.SecurityContextHolderFilter@c76762, org.springframework.security.web.header.HeaderWriterFilter@80b70fd, org.springframework.security.web.authentication.logout.LogoutFilter@22e253c7, org.springframework.security.web.authentication.www.BasicAuthenticationFilter@2222cd2c, org.springframework.security.web.savedrequest.RequestCacheAwareFilter@2db82155, org.springframework.security.web.servletapi.SecurityContextHolderAwareRequestFilter@55849272, org.springframework.security.web.authentication.AnonymousAuthenticationFilter@2bd158ea, org.springframework.security.web.access.ExceptionTranslationFilter@13976c57, org.springframework.security.web.access.intercept.AuthorizationFilter@28d1b2f]
2023-07-15T14:21:30.069+06:00  INFO 17284 --- [main] o.s.b.w.embedded.tomcat.TomcatWebServer  : Tomcat started on port(s): 8080 (http) with context path ''
2023-07-15T14:21:30.079+06:00  INFO 17284 --- [main] c.e.s.SilkpayTestAssignmentApplication   : Started SilkpayTestAssignmentApplication in 5.222 seconds (process running for 7.394)
2023-07-15T14:21:35.085+06:00  INFO 17284 --- [http-nio-8080-exec-4] o.a.c.c.C.[Tomcat].[localhost].[/]       : Initializing Spring DispatcherServlet 'dispatcherServlet'
2023-07-15T14:21:35.086+06:00  INFO 17284 --- [http-nio-8080-exec-4] o.s.web.servlet.DispatcherServlet        : Initializing Servlet 'dispatcherServlet'
2023-07-15T14:21:35.087+06:00  INFO 17284 --- [http-nio-8080-exec-4] o.s.web.servlet.DispatcherServlet        : Completed initialization in 1 ms
2023-07-15T14:21:36.800+06:00  WARN 17284 --- [http-nio-8080-exec-2] ocalVariableTableParameterNameDiscoverer : Using deprecated '-debug' fallback for parameter name resolution. Compile the affected code with '-parameters' instead or avoid its introspection: com.example.silkpaytestassignment.controller.WalletController
2023-07-15T14:21:36.956+06:00  WARN 17284 --- [http-nio-8080-exec-2] ocalVariableTableParameterNameDiscoverer : Using deprecated '-debug' fallback for parameter name resolution. Compile the affected code with '-parameters' instead or avoid its introspection: com.example.silkpaytestassignment.controller.UserController
2023-07-15T14:21:36.960+06:00  WARN 17284 --- [http-nio-8080-exec-2] ocalVariableTableParameterNameDiscoverer : Using deprecated '-debug' fallback for parameter name resolution. Compile the affected code with '-parameters' instead or avoid its introspection: com.example.silkpaytestassignment.controller.TransactionController
2023-07-15T14:21:36.970+06:00  WARN 17284 --- [http-nio-8080-exec-2] ocalVariableTableParameterNameDiscoverer : Using deprecated '-debug' fallback for parameter name resolution. Compile the affected code with '-parameters' instead or avoid its introspection: com.example.silkpaytestassignment.controller.AccountController
2023-07-15T14:21:36.993+06:00  INFO 17284 --- [http-nio-8080-exec-2] o.springdoc.api.AbstractOpenApiResource  : Init duration for springdoc-openapi is: 239 ms
2023-07-15T14:26:13.899+06:00  INFO 17284 --- [SpringApplicationShutdownHook] j.LocalContainerEntityManagerFactoryBean : Closing JPA EntityManagerFactory for persistence unit 'default'
2023-07-15T14:26:13.902+06:00  INFO 17284 --- [SpringApplicationShutdownHook] com.zaxxer.hikari.HikariDataSource       : HikariPool-1 - Shutdown initiated...
2023-07-15T14:26:13.904+06:00  INFO 17284 --- [SpringApplicationShutdownHook] com.zaxxer.hikari.HikariDataSource       : HikariPool-1 - Shutdown completed.
2023-07-15T14:28:15.946+06:00  INFO 14448 --- [main] c.e.s.SilkpayTestAssignmentApplication   : Starting SilkpayTestAssignmentApplication using Java 18 with PID 14448 (C:\Users\Chingiz\IdeaProjects\silkpay-test-assignment\build\classes\java\main started by Chingiz in C:\Users\Chingiz\IdeaProjects\silkpay-test-assignment)
2023-07-15T14:28:15.948+06:00  INFO 14448 --- [main] c.e.s.SilkpayTestAssignmentApplication   : No active profile set, falling back to 1 default profile: "default"
2023-07-15T14:28:16.732+06:00  INFO 14448 --- [main] .s.d.r.c.RepositoryConfigurationDelegate : Bootstrapping Spring Data JPA repositories in DEFAULT mode.
2023-07-15T14:28:16.800+06:00  INFO 14448 --- [main] .s.d.r.c.RepositoryConfigurationDelegate : Finished Spring Data repository scanning in 61 ms. Found 4 JPA repository interfaces.
2023-07-15T14:28:17.295+06:00  INFO 14448 --- [main] o.s.b.w.embedded.tomcat.TomcatWebServer  : Tomcat initialized with port(s): 8080 (http)
2023-07-15T14:28:17.306+06:00  INFO 14448 --- [main] o.apache.catalina.core.StandardService   : Starting service [Tomcat]
2023-07-15T14:28:17.306+06:00  INFO 14448 --- [main] o.apache.catalina.core.StandardEngine    : Starting Servlet engine: [Apache Tomcat/10.1.10]
2023-07-15T14:28:17.396+06:00  INFO 14448 --- [main] o.a.c.c.C.[Tomcat].[localhost].[/]       : Initializing Spring embedded WebApplicationContext
2023-07-15T14:28:17.396+06:00  INFO 14448 --- [main] w.s.c.ServletWebServerApplicationContext : Root WebApplicationContext: initialization completed in 1405 ms
2023-07-15T14:28:17.419+06:00  INFO 14448 --- [main] com.zaxxer.hikari.HikariDataSource       : HikariPool-1 - Starting...
2023-07-15T14:28:17.636+06:00  INFO 14448 --- [main] com.zaxxer.hikari.pool.HikariPool        : HikariPool-1 - Added connection conn0: url=jdbc:h2:mem:silkpay user=SHYNGYS
2023-07-15T14:28:17.638+06:00  INFO 14448 --- [main] com.zaxxer.hikari.HikariDataSource       : HikariPool-1 - Start completed.
2023-07-15T14:28:17.647+06:00  INFO 14448 --- [main] o.s.b.a.h2.H2ConsoleAutoConfiguration    : H2 console available at '/h2-console'. Database available at 'jdbc:h2:mem:silkpay'
2023-07-15T14:28:17.812+06:00  INFO 14448 --- [main] o.hibernate.jpa.internal.util.LogHelper  : HHH000204: Processing PersistenceUnitInfo [name: default]
2023-07-15T14:28:17.872+06:00  INFO 14448 --- [main] org.hibernate.Version                    : HHH000412: Hibernate ORM core version 6.1.7.Final
2023-07-15T14:28:18.208+06:00  INFO 14448 --- [main] SQL dialect                              : HHH000400: Using dialect: org.hibernate.dialect.H2Dialect
2023-07-15T14:28:19.012+06:00  INFO 14448 --- [main] o.h.e.t.j.p.i.JtaPlatformInitiator       : HHH000490: Using JtaPlatform implementation: [org.hibernate.engine.transaction.jta.platform.internal.NoJtaPlatform]
2023-07-15T14:28:19.023+06:00  INFO 14448 --- [main] j.LocalContainerEntityManagerFactoryBean : Initialized JPA EntityManagerFactory for persistence unit 'default'
2023-07-15T14:28:19.479+06:00  WARN 14448 --- [main] JpaBaseConfiguration$JpaWebConfiguration : spring.jpa.open-in-view is enabled by default. Therefore, database queries may be performed during view rendering. Explicitly configure spring.jpa.open-in-view to disable this warning
2023-07-15T14:28:20.227+06:00  INFO 14448 --- [main] o.s.s.web.DefaultSecurityFilterChain     : Will secure any request with [org.springframework.security.web.session.DisableEncodeUrlFilter@2df24f19, org.springframework.security.web.context.request.async.WebAsyncManagerIntegrationFilter@c76762, org.springframework.security.web.context.SecurityContextHolderFilter@54816d7a, org.springframework.security.web.header.HeaderWriterFilter@58038583, org.springframework.security.web.authentication.logout.LogoutFilter@26619e5, org.springframework.security.web.authentication.www.BasicAuthenticationFilter@10b7b5f0, org.springframework.security.web.savedrequest.RequestCacheAwareFilter@5eed2edf, org.springframework.security.web.servletapi.SecurityContextHolderAwareRequestFilter@6bc8d8bd, org.springframework.security.web.authentication.AnonymousAuthenticationFilter@5318731f, org.springframework.security.web.access.ExceptionTranslationFilter@2cdd156b, org.springframework.security.web.access.intercept.AuthorizationFilter@255b84a9]
2023-07-15T14:28:20.486+06:00  INFO 14448 --- [main] o.s.b.w.embedded.tomcat.TomcatWebServer  : Tomcat started on port(s): 8080 (http) with context path ''
2023-07-15T14:28:20.495+06:00  INFO 14448 --- [main] c.e.s.SilkpayTestAssignmentApplication   : Started SilkpayTestAssignmentApplication in 4.924 seconds (process running for 5.439)
2023-07-15T14:28:24.890+06:00  INFO 14448 --- [http-nio-8080-exec-2] o.a.c.c.C.[Tomcat].[localhost].[/]       : Initializing Spring DispatcherServlet 'dispatcherServlet'
2023-07-15T14:28:24.890+06:00  INFO 14448 --- [http-nio-8080-exec-2] o.s.web.servlet.DispatcherServlet        : Initializing Servlet 'dispatcherServlet'
2023-07-15T14:28:24.891+06:00  INFO 14448 --- [http-nio-8080-exec-2] o.s.web.servlet.DispatcherServlet        : Completed initialization in 1 ms
2023-07-15T14:28:26.659+06:00  WARN 14448 --- [http-nio-8080-exec-9] ocalVariableTableParameterNameDiscoverer : Using deprecated '-debug' fallback for parameter name resolution. Compile the affected code with '-parameters' instead or avoid its introspection: com.example.silkpaytestassignment.controller.WalletController
2023-07-15T14:28:26.801+06:00  WARN 14448 --- [http-nio-8080-exec-9] ocalVariableTableParameterNameDiscoverer : Using deprecated '-debug' fallback for parameter name resolution. Compile the affected code with '-parameters' instead or avoid its introspection: com.example.silkpaytestassignment.controller.UserController
2023-07-15T14:28:26.804+06:00  WARN 14448 --- [http-nio-8080-exec-9] ocalVariableTableParameterNameDiscoverer : Using deprecated '-debug' fallback for parameter name resolution. Compile the affected code with '-parameters' instead or avoid its introspection: com.example.silkpaytestassignment.controller.TransactionController
2023-07-15T14:28:26.814+06:00  WARN 14448 --- [http-nio-8080-exec-9] ocalVariableTableParameterNameDiscoverer : Using deprecated '-debug' fallback for parameter name resolution. Compile the affected code with '-parameters' instead or avoid its introspection: com.example.silkpaytestassignment.controller.AccountController
2023-07-15T14:28:26.835+06:00  INFO 14448 --- [http-nio-8080-exec-9] o.springdoc.api.AbstractOpenApiResource  : Init duration for springdoc-openapi is: 207 ms
2023-07-15T14:28:31.586+06:00  INFO 14448 --- [http-nio-8080-exec-1] c.e.s.service.impl.WalletServiceImpl     : into findById
2023-07-15T14:30:10.621+06:00  INFO 14448 --- [SpringApplicationShutdownHook] j.LocalContainerEntityManagerFactoryBean : Closing JPA EntityManagerFactory for persistence unit 'default'
2023-07-15T14:30:10.623+06:00  INFO 14448 --- [SpringApplicationShutdownHook] com.zaxxer.hikari.HikariDataSource       : HikariPool-1 - Shutdown initiated...
2023-07-15T14:30:10.626+06:00  INFO 14448 --- [SpringApplicationShutdownHook] com.zaxxer.hikari.HikariDataSource       : HikariPool-1 - Shutdown completed.
2023-07-15T14:30:16.067+06:00  INFO 18236 --- [main] c.e.s.SilkpayTestAssignmentApplication   : Starting SilkpayTestAssignmentApplication using Java 18 with PID 18236 (C:\Users\Chingiz\IdeaProjects\silkpay-test-assignment\build\classes\java\main started by Chingiz in C:\Users\Chingiz\IdeaProjects\silkpay-test-assignment)
2023-07-15T14:30:16.069+06:00  INFO 18236 --- [main] c.e.s.SilkpayTestAssignmentApplication   : No active profile set, falling back to 1 default profile: "default"
2023-07-15T14:30:16.852+06:00  INFO 18236 --- [main] .s.d.r.c.RepositoryConfigurationDelegate : Bootstrapping Spring Data JPA repositories in DEFAULT mode.
2023-07-15T14:30:16.929+06:00  INFO 18236 --- [main] .s.d.r.c.RepositoryConfigurationDelegate : Finished Spring Data repository scanning in 70 ms. Found 4 JPA repository interfaces.
2023-07-15T14:30:17.622+06:00  INFO 18236 --- [main] o.s.b.w.embedded.tomcat.TomcatWebServer  : Tomcat initialized with port(s): 8080 (http)
2023-07-15T14:30:17.630+06:00  INFO 18236 --- [main] o.apache.catalina.core.StandardService   : Starting service [Tomcat]
2023-07-15T14:30:17.631+06:00  INFO 18236 --- [main] o.apache.catalina.core.StandardEngine    : Starting Servlet engine: [Apache Tomcat/10.1.10]
2023-07-15T14:30:17.761+06:00  INFO 18236 --- [main] o.a.c.c.C.[Tomcat].[localhost].[/]       : Initializing Spring embedded WebApplicationContext
2023-07-15T14:30:17.761+06:00  INFO 18236 --- [main] w.s.c.ServletWebServerApplicationContext : Root WebApplicationContext: initialization completed in 1644 ms
2023-07-15T14:30:17.797+06:00  INFO 18236 --- [main] com.zaxxer.hikari.HikariDataSource       : HikariPool-1 - Starting...
2023-07-15T14:30:18.001+06:00  INFO 18236 --- [main] com.zaxxer.hikari.pool.HikariPool        : HikariPool-1 - Added connection conn0: url=jdbc:h2:mem:silkpay user=SHYNGYS
2023-07-15T14:30:18.004+06:00  INFO 18236 --- [main] com.zaxxer.hikari.HikariDataSource       : HikariPool-1 - Start completed.
2023-07-15T14:30:18.013+06:00  INFO 18236 --- [main] o.s.b.a.h2.H2ConsoleAutoConfiguration    : H2 console available at '/h2-console'. Database available at 'jdbc:h2:mem:silkpay'
2023-07-15T14:30:18.202+06:00  INFO 18236 --- [main] o.hibernate.jpa.internal.util.LogHelper  : HHH000204: Processing PersistenceUnitInfo [name: default]
2023-07-15T14:30:18.257+06:00  INFO 18236 --- [main] org.hibernate.Version                    : HHH000412: Hibernate ORM core version 6.1.7.Final
2023-07-15T14:30:18.566+06:00  INFO 18236 --- [main] SQL dialect                              : HHH000400: Using dialect: org.hibernate.dialect.H2Dialect
2023-07-15T14:30:19.339+06:00  INFO 18236 --- [main] o.h.e.t.j.p.i.JtaPlatformInitiator       : HHH000490: Using JtaPlatform implementation: [org.hibernate.engine.transaction.jta.platform.internal.NoJtaPlatform]
2023-07-15T14:30:19.349+06:00  INFO 18236 --- [main] j.LocalContainerEntityManagerFactoryBean : Initialized JPA EntityManagerFactory for persistence unit 'default'
2023-07-15T14:30:19.964+06:00  WARN 18236 --- [main] JpaBaseConfiguration$JpaWebConfiguration : spring.jpa.open-in-view is enabled by default. Therefore, database queries may be performed during view rendering. Explicitly configure spring.jpa.open-in-view to disable this warning
2023-07-15T14:30:20.651+06:00  INFO 18236 --- [main] o.s.s.web.DefaultSecurityFilterChain     : Will secure any request with [org.springframework.security.web.session.DisableEncodeUrlFilter@1930e8ef, org.springframework.security.web.context.request.async.WebAsyncManagerIntegrationFilter@1299fed3, org.springframework.security.web.context.SecurityContextHolderFilter@5b977aaa, org.springframework.security.web.header.HeaderWriterFilter@663cc8c9, org.springframework.security.web.authentication.logout.LogoutFilter@2472ba04, org.springframework.security.web.authentication.www.BasicAuthenticationFilter@3c98eaa9, org.springframework.security.web.savedrequest.RequestCacheAwareFilter@dffcf1, org.springframework.security.web.servletapi.SecurityContextHolderAwareRequestFilter@5b697993, org.springframework.security.web.authentication.AnonymousAuthenticationFilter@69af938b, org.springframework.security.web.access.ExceptionTranslationFilter@1254a3cd, org.springframework.security.web.access.intercept.AuthorizationFilter@2446597e]
2023-07-15T14:30:21.024+06:00  INFO 18236 --- [main] o.s.b.w.embedded.tomcat.TomcatWebServer  : Tomcat started on port(s): 8080 (http) with context path ''
2023-07-15T14:30:21.033+06:00  INFO 18236 --- [main] c.e.s.SilkpayTestAssignmentApplication   : Started SilkpayTestAssignmentApplication in 5.348 seconds (process running for 5.825)
2023-07-15T14:30:25.207+06:00  INFO 18236 --- [http-nio-8080-exec-1] o.a.c.c.C.[Tomcat].[localhost].[/]       : Initializing Spring DispatcherServlet 'dispatcherServlet'
2023-07-15T14:30:25.207+06:00  INFO 18236 --- [http-nio-8080-exec-1] o.s.web.servlet.DispatcherServlet        : Initializing Servlet 'dispatcherServlet'
2023-07-15T14:30:25.209+06:00  INFO 18236 --- [http-nio-8080-exec-1] o.s.web.servlet.DispatcherServlet        : Completed initialization in 1 ms
2023-07-15T14:30:26.821+06:00  WARN 18236 --- [http-nio-8080-exec-9] ocalVariableTableParameterNameDiscoverer : Using deprecated '-debug' fallback for parameter name resolution. Compile the affected code with '-parameters' instead or avoid its introspection: com.example.silkpaytestassignment.controller.WalletController
2023-07-15T14:30:26.954+06:00  WARN 18236 --- [http-nio-8080-exec-9] ocalVariableTableParameterNameDiscoverer : Using deprecated '-debug' fallback for parameter name resolution. Compile the affected code with '-parameters' instead or avoid its introspection: com.example.silkpaytestassignment.controller.UserController
2023-07-15T14:30:26.959+06:00  WARN 18236 --- [http-nio-8080-exec-9] ocalVariableTableParameterNameDiscoverer : Using deprecated '-debug' fallback for parameter name resolution. Compile the affected code with '-parameters' instead or avoid its introspection: com.example.silkpaytestassignment.controller.TransactionController
2023-07-15T14:30:26.969+06:00  WARN 18236 --- [http-nio-8080-exec-9] ocalVariableTableParameterNameDiscoverer : Using deprecated '-debug' fallback for parameter name resolution. Compile the affected code with '-parameters' instead or avoid its introspection: com.example.silkpaytestassignment.controller.AccountController
2023-07-15T14:30:26.991+06:00  INFO 18236 --- [http-nio-8080-exec-9] o.springdoc.api.AbstractOpenApiResource  : Init duration for springdoc-openapi is: 201 ms
2023-07-15T14:30:31.430+06:00  INFO 18236 --- [http-nio-8080-exec-5] c.e.s.aop.ServiceAspect                  : invoked findById method in class com.example.silkpaytestassignment.service.impl.WalletServiceImpl@52667676, with id 1
2023-07-15T14:30:31.445+06:00  INFO 18236 --- [http-nio-8080-exec-5] c.e.s.aop.ServiceAspect                  : after throwing - invoked findById method in class com.example.silkpaytestassignment.service.impl.WalletServiceImpl@52667676, with error class org.springframework.web.server.ResponseStatusException:404 NOT_FOUND
2023-07-15T14:31:47.753+06:00  INFO 18236 --- [http-nio-8080-exec-4] c.e.s.aop.ServiceAspect                  : invoked create method in class com.example.silkpaytestassignment.service.impl.AccountServiceImpl@4529048e, with dto com.example.silkpaytestassignment.dto.AccountCreateDto@1c1792f1
2023-07-15T14:31:47.783+06:00  INFO 18236 --- [http-nio-8080-exec-4] c.e.s.aop.ServiceAspect                  : after returning - invoked create method in class com.example.silkpaytestassignment.service.impl.AccountServiceImpl@4529048e, with result com.example.silkpaytestassignment.dto.AccountReadDto@14f30336
2023-07-15T14:33:42.407+06:00  INFO 18236 --- [SpringApplicationShutdownHook] j.LocalContainerEntityManagerFactoryBean : Closing JPA EntityManagerFactory for persistence unit 'default'
2023-07-15T14:33:42.410+06:00  INFO 18236 --- [SpringApplicationShutdownHook] com.zaxxer.hikari.HikariDataSource       : HikariPool-1 - Shutdown initiated...
2023-07-15T14:33:42.412+06:00  INFO 18236 --- [SpringApplicationShutdownHook] com.zaxxer.hikari.HikariDataSource       : HikariPool-1 - Shutdown completed.
2023-07-15T14:33:48.203+06:00  INFO 15552 --- [main] c.e.s.SilkpayTestAssignmentApplication   : Starting SilkpayTestAssignmentApplication using Java 18 with PID 15552 (C:\Users\Chingiz\IdeaProjects\silkpay-test-assignment\build\classes\java\main started by Chingiz in C:\Users\Chingiz\IdeaProjects\silkpay-test-assignment)
2023-07-15T14:33:48.206+06:00  INFO 15552 --- [main] c.e.s.SilkpayTestAssignmentApplication   : No active profile set, falling back to 1 default profile: "default"
2023-07-15T14:33:48.962+06:00  INFO 15552 --- [main] .s.d.r.c.RepositoryConfigurationDelegate : Bootstrapping Spring Data JPA repositories in DEFAULT mode.
2023-07-15T14:33:49.039+06:00  INFO 15552 --- [main] .s.d.r.c.RepositoryConfigurationDelegate : Finished Spring Data repository scanning in 63 ms. Found 4 JPA repository interfaces.
2023-07-15T14:33:49.643+06:00  INFO 15552 --- [main] o.s.b.w.embedded.tomcat.TomcatWebServer  : Tomcat initialized with port(s): 8080 (http)
2023-07-15T14:33:49.651+06:00  INFO 15552 --- [main] o.apache.catalina.core.StandardService   : Starting service [Tomcat]
2023-07-15T14:33:49.653+06:00  INFO 15552 --- [main] o.apache.catalina.core.StandardEngine    : Starting Servlet engine: [Apache Tomcat/10.1.10]
2023-07-15T14:33:49.740+06:00  INFO 15552 --- [main] o.a.c.c.C.[Tomcat].[localhost].[/]       : Initializing Spring embedded WebApplicationContext
2023-07-15T14:33:49.741+06:00  INFO 15552 --- [main] w.s.c.ServletWebServerApplicationContext : Root WebApplicationContext: initialization completed in 1480 ms
2023-07-15T14:33:49.771+06:00  INFO 15552 --- [main] com.zaxxer.hikari.HikariDataSource       : HikariPool-1 - Starting...
2023-07-15T14:33:49.961+06:00  INFO 15552 --- [main] com.zaxxer.hikari.pool.HikariPool        : HikariPool-1 - Added connection conn0: url=jdbc:h2:mem:silkpay user=SHYNGYS
2023-07-15T14:33:49.963+06:00  INFO 15552 --- [main] com.zaxxer.hikari.HikariDataSource       : HikariPool-1 - Start completed.
2023-07-15T14:33:49.972+06:00  INFO 15552 --- [main] o.s.b.a.h2.H2ConsoleAutoConfiguration    : H2 console available at '/h2-console'. Database available at 'jdbc:h2:mem:silkpay'
2023-07-15T14:33:50.138+06:00  INFO 15552 --- [main] o.hibernate.jpa.internal.util.LogHelper  : HHH000204: Processing PersistenceUnitInfo [name: default]
2023-07-15T14:33:50.189+06:00  INFO 15552 --- [main] org.hibernate.Version                    : HHH000412: Hibernate ORM core version 6.1.7.Final
2023-07-15T14:33:50.464+06:00  INFO 15552 --- [main] SQL dialect                              : HHH000400: Using dialect: org.hibernate.dialect.H2Dialect
2023-07-15T14:33:51.180+06:00  INFO 15552 --- [main] o.h.e.t.j.p.i.JtaPlatformInitiator       : HHH000490: Using JtaPlatform implementation: [org.hibernate.engine.transaction.jta.platform.internal.NoJtaPlatform]
2023-07-15T14:33:51.189+06:00  INFO 15552 --- [main] j.LocalContainerEntityManagerFactoryBean : Initialized JPA EntityManagerFactory for persistence unit 'default'
2023-07-15T14:33:51.787+06:00  WARN 15552 --- [main] JpaBaseConfiguration$JpaWebConfiguration : spring.jpa.open-in-view is enabled by default. Therefore, database queries may be performed during view rendering. Explicitly configure spring.jpa.open-in-view to disable this warning
2023-07-15T14:33:52.481+06:00  INFO 15552 --- [main] o.s.s.web.DefaultSecurityFilterChain     : Will secure any request with [org.springframework.security.web.session.DisableEncodeUrlFilter@5f510929, org.springframework.security.web.context.request.async.WebAsyncManagerIntegrationFilter@55a2ca5e, org.springframework.security.web.context.SecurityContextHolderFilter@3e8eea59, org.springframework.security.web.header.HeaderWriterFilter@58df2864, org.springframework.security.web.authentication.logout.LogoutFilter@7ffb0bb4, org.springframework.security.web.authentication.www.BasicAuthenticationFilter@3791160a, org.springframework.security.web.savedrequest.RequestCacheAwareFilter@f9d8285, org.springframework.security.web.servletapi.SecurityContextHolderAwareRequestFilter@49b6373f, org.springframework.security.web.authentication.AnonymousAuthenticationFilter@6abca7a6, org.springframework.security.web.access.ExceptionTranslationFilter@7fba30fe, org.springframework.security.web.access.intercept.AuthorizationFilter@eb66b47]
2023-07-15T14:33:52.856+06:00  INFO 15552 --- [main] o.s.b.w.embedded.tomcat.TomcatWebServer  : Tomcat started on port(s): 8080 (http) with context path ''
2023-07-15T14:33:52.864+06:00  INFO 15552 --- [main] c.e.s.SilkpayTestAssignmentApplication   : Started SilkpayTestAssignmentApplication in 5.096 seconds (process running for 5.581)
2023-07-15T14:33:57.470+06:00  INFO 15552 --- [http-nio-8080-exec-1] o.a.c.c.C.[Tomcat].[localhost].[/]       : Initializing Spring DispatcherServlet 'dispatcherServlet'
2023-07-15T14:33:57.470+06:00  INFO 15552 --- [http-nio-8080-exec-1] o.s.web.servlet.DispatcherServlet        : Initializing Servlet 'dispatcherServlet'
2023-07-15T14:33:57.471+06:00  INFO 15552 --- [http-nio-8080-exec-1] o.s.web.servlet.DispatcherServlet        : Completed initialization in 1 ms
2023-07-15T14:33:59.087+06:00  WARN 15552 --- [http-nio-8080-exec-10] ocalVariableTableParameterNameDiscoverer : Using deprecated '-debug' fallback for parameter name resolution. Compile the affected code with '-parameters' instead or avoid its introspection: com.example.silkpaytestassignment.controller.WalletController
2023-07-15T14:33:59.221+06:00  WARN 15552 --- [http-nio-8080-exec-10] ocalVariableTableParameterNameDiscoverer : Using deprecated '-debug' fallback for parameter name resolution. Compile the affected code with '-parameters' instead or avoid its introspection: com.example.silkpaytestassignment.controller.UserController
2023-07-15T14:33:59.225+06:00  WARN 15552 --- [http-nio-8080-exec-10] ocalVariableTableParameterNameDiscoverer : Using deprecated '-debug' fallback for parameter name resolution. Compile the affected code with '-parameters' instead or avoid its introspection: com.example.silkpaytestassignment.controller.TransactionController
2023-07-15T14:33:59.235+06:00  WARN 15552 --- [http-nio-8080-exec-10] ocalVariableTableParameterNameDiscoverer : Using deprecated '-debug' fallback for parameter name resolution. Compile the affected code with '-parameters' instead or avoid its introspection: com.example.silkpaytestassignment.controller.AccountController
2023-07-15T14:33:59.256+06:00  INFO 15552 --- [http-nio-8080-exec-10] o.springdoc.api.AbstractOpenApiResource  : Init duration for springdoc-openapi is: 200 ms
2023-07-15T14:34:18.074+06:00  INFO 15552 --- [http-nio-8080-exec-5] c.e.s.aop.ServiceAspect                  : invoked create method in class com.example.silkpaytestassignment.service.impl.AccountServiceImpl@1771d6a5, with dto AccountCreateDto(firstName=Shyngys, lastName=Akhulbay, email=1, phoneNumber=string)
2023-07-15T14:34:18.104+06:00  INFO 15552 --- [http-nio-8080-exec-5] c.e.s.aop.ServiceAspect                  : after returning - invoked create method in class com.example.silkpaytestassignment.service.impl.AccountServiceImpl@1771d6a5, with result AccountReadDto(id=1, firstName=Shyngys, lastName=Akhulbay, email=1, phoneNumber=string, creationDate=2023-07-15)
2023-07-15T14:34:38.297+06:00  INFO 15552 --- [http-nio-8080-exec-9] c.e.s.aop.ServiceAspect                  : invoked findById method in class com.example.silkpaytestassignment.service.impl.AccountServiceImpl@1771d6a5, with id 1
2023-07-15T14:34:38.306+06:00  INFO 15552 --- [http-nio-8080-exec-9] c.e.s.aop.ServiceAspect                  : after returning - invoked findById method in class com.example.silkpaytestassignment.service.impl.AccountServiceImpl@1771d6a5, with result AccountReadDto(id=1, firstName=Shyngys, lastName=Akhulbay, email=1, phoneNumber=string     , creationDate=2023-07-15)
2023-07-15T14:35:00.348+06:00  INFO 15552 --- [http-nio-8080-exec-10] c.e.s.aop.ServiceAspect                  : invoked create method in class com.example.silkpaytestassignment.service.impl.WalletServiceImpl@5fd5d6d1, with dto WalletCreateDto(balance=2500.0, accountId=1)
2023-07-15T14:35:00.363+06:00  INFO 15552 --- [http-nio-8080-exec-10] c.e.s.aop.ServiceAspect                  : after returning - invoked create method in class com.example.silkpaytestassignment.service.impl.WalletServiceImpl@5fd5d6d1, with result WalletReadDto(id=1, balance=2500.0, creationDate=null, account=AccountReadDto(id=1, firstName=Shyngys, lastName=Akhulbay, email=1, phoneNumber=string     , creationDate=2023-07-15))
2023-07-15T14:35:52.575+06:00  INFO 15552 --- [http-nio-8080-exec-4] c.e.s.aop.ServiceAspect                  : invoked create method in class com.example.silkpaytestassignment.service.impl.WalletServiceImpl@5fd5d6d1, with dto WalletCreateDto(balance=2500.0, accountId=2)
2023-07-15T14:35:52.577+06:00  INFO 15552 --- [http-nio-8080-exec-4] c.e.s.aop.ServiceAspect                  : after throwing - invoked create method in class com.example.silkpaytestassignment.service.impl.WalletServiceImpl@5fd5d6d1, with error class org.springframework.web.server.ResponseStatusException:404 NOT_FOUND
2023-07-15T14:36:24.256+06:00  INFO 15552 --- [http-nio-8080-exec-2] c.e.s.aop.ServiceAspect                  : invoked create method in class com.example.silkpaytestassignment.service.impl.WalletServiceImpl@5fd5d6d1, with dto WalletCreateDto(balance=2500.0, accountId=1)
2023-07-15T14:36:24.258+06:00  INFO 15552 --- [http-nio-8080-exec-2] c.e.s.aop.ServiceAspect                  : after returning - invoked create method in class com.example.silkpaytestassignment.service.impl.WalletServiceImpl@5fd5d6d1, with result WalletReadDto(id=2, balance=2500.0, creationDate=null, account=AccountReadDto(id=1, firstName=Shyngys, lastName=Akhulbay, email=1, phoneNumber=string     , creationDate=2023-07-15))
2023-07-15T14:36:40.385+06:00  INFO 15552 --- [http-nio-8080-exec-5] c.e.s.aop.ServiceAspect                  : invoked findById method in class com.example.silkpaytestassignment.service.impl.WalletServiceImpl@5fd5d6d1, with id 1
2023-07-15T14:36:40.389+06:00  INFO 15552 --- [http-nio-8080-exec-5] c.e.s.aop.ServiceAspect                  : after returning - invoked findById method in class com.example.silkpaytestassignment.service.impl.WalletServiceImpl@5fd5d6d1, with result WalletReadDto(id=1, balance=2500.0, creationDate=null, account=AccountReadDto(id=1, firstName=Shyngys, lastName=Akhulbay, email=1, phoneNumber=string     , creationDate=2023-07-15))
2023-07-15T14:36:45.031+06:00  INFO 15552 --- [http-nio-8080-exec-6] c.e.s.aop.ServiceAspect                  : invoked findById method in class com.example.silkpaytestassignment.service.impl.WalletServiceImpl@5fd5d6d1, with id 2
2023-07-15T14:36:45.033+06:00  INFO 15552 --- [http-nio-8080-exec-6] c.e.s.aop.ServiceAspect                  : after returning - invoked findById method in class com.example.silkpaytestassignment.service.impl.WalletServiceImpl@5fd5d6d1, with result WalletReadDto(id=2, balance=2500.0, creationDate=null, account=AccountReadDto(id=1, firstName=Shyngys, lastName=Akhulbay, email=1, phoneNumber=string     , creationDate=2023-07-15))
2023-07-15T14:37:09.333+06:00  INFO 15552 --- [http-nio-8080-exec-10] c.e.s.aop.ServiceAspect                  : invoked create method in class com.example.silkpaytestassignment.service.impl.TransactionServiceImpl@763ddfc3, with dto TransactionCreateDto(sum=500.0, senderWalletId=1, recipientWalletId=2)
2023-07-15T14:37:09.357+06:00  INFO 15552 --- [http-nio-8080-exec-10] c.e.s.aop.ServiceAspect                  : after returning - invoked create method in class com.example.silkpaytestassignment.service.impl.TransactionServiceImpl@763ddfc3, with result TransactionReadDto(id=1, sum=500.0, dateTime=2023-07-15T14:37:09.353868100, senderWallet=WalletReadDto(id=1, balance=2000.0, creationDate=null, account=AccountReadDto(id=1, firstName=Shyngys, lastName=Akhulbay, email=1, phoneNumber=string     , creationDate=2023-07-15)), recipientWallet=WalletReadDto(id=1, balance=2000.0, creationDate=null, account=AccountReadDto(id=1, firstName=Shyngys, lastName=Akhulbay, email=1, phoneNumber=string     , creationDate=2023-07-15)))
2023-07-15T14:38:16.129+06:00  INFO 15552 --- [http-nio-8080-exec-4] c.e.s.aop.ServiceAspect                  : invoked findById method in class com.example.silkpaytestassignment.service.impl.WalletServiceImpl@5fd5d6d1, with id 1
2023-07-15T14:38:16.131+06:00  INFO 15552 --- [http-nio-8080-exec-4] c.e.s.aop.ServiceAspect                  : after returning - invoked findById method in class com.example.silkpaytestassignment.service.impl.WalletServiceImpl@5fd5d6d1, with result WalletReadDto(id=1, balance=2000.0, creationDate=null, account=AccountReadDto(id=1, firstName=Shyngys, lastName=Akhulbay, email=1, phoneNumber=string     , creationDate=2023-07-15))
2023-07-15T14:38:20.021+06:00  INFO 15552 --- [http-nio-8080-exec-2] c.e.s.aop.ServiceAspect                  : invoked findById method in class com.example.silkpaytestassignment.service.impl.WalletServiceImpl@5fd5d6d1, with id 2
2023-07-15T14:38:20.022+06:00  INFO 15552 --- [http-nio-8080-exec-2] c.e.s.aop.ServiceAspect                  : after returning - invoked findById method in class com.example.silkpaytestassignment.service.impl.WalletServiceImpl@5fd5d6d1, with result WalletReadDto(id=2, balance=3000.0, creationDate=null, account=AccountReadDto(id=1, firstName=Shyngys, lastName=Akhulbay, email=1, phoneNumber=string     , creationDate=2023-07-15))
2023-07-15T14:38:46.975+06:00  INFO 15552 --- [SpringApplicationShutdownHook] j.LocalContainerEntityManagerFactoryBean : Closing JPA EntityManagerFactory for persistence unit 'default'
2023-07-15T14:38:46.978+06:00  INFO 15552 --- [SpringApplicationShutdownHook] com.zaxxer.hikari.HikariDataSource       : HikariPool-1 - Shutdown initiated...
2023-07-15T14:38:46.979+06:00  INFO 15552 --- [SpringApplicationShutdownHook] com.zaxxer.hikari.HikariDataSource       : HikariPool-1 - Shutdown completed.
2023-07-15T14:38:51.374+06:00  INFO 17192 --- [main] c.e.s.SilkpayTestAssignmentApplication   : Starting SilkpayTestAssignmentApplication using Java 18 with PID 17192 (C:\Users\Chingiz\IdeaProjects\silkpay-test-assignment\build\classes\java\main started by Chingiz in C:\Users\Chingiz\IdeaProjects\silkpay-test-assignment)
2023-07-15T14:38:51.376+06:00  INFO 17192 --- [main] c.e.s.SilkpayTestAssignmentApplication   : No active profile set, falling back to 1 default profile: "default"
2023-07-15T14:38:52.128+06:00  INFO 17192 --- [main] .s.d.r.c.RepositoryConfigurationDelegate : Bootstrapping Spring Data JPA repositories in DEFAULT mode.
2023-07-15T14:38:52.205+06:00  INFO 17192 --- [main] .s.d.r.c.RepositoryConfigurationDelegate : Finished Spring Data repository scanning in 62 ms. Found 4 JPA repository interfaces.
2023-07-15T14:38:52.801+06:00  INFO 17192 --- [main] o.s.b.w.embedded.tomcat.TomcatWebServer  : Tomcat initialized with port(s): 8080 (http)
2023-07-15T14:38:52.809+06:00  INFO 17192 --- [main] o.apache.catalina.core.StandardService   : Starting service [Tomcat]
2023-07-15T14:38:52.810+06:00  INFO 17192 --- [main] o.apache.catalina.core.StandardEngine    : Starting Servlet engine: [Apache Tomcat/10.1.10]
2023-07-15T14:38:52.898+06:00  INFO 17192 --- [main] o.a.c.c.C.[Tomcat].[localhost].[/]       : Initializing Spring embedded WebApplicationContext
2023-07-15T14:38:52.899+06:00  INFO 17192 --- [main] w.s.c.ServletWebServerApplicationContext : Root WebApplicationContext: initialization completed in 1475 ms
2023-07-15T14:38:52.929+06:00  INFO 17192 --- [main] com.zaxxer.hikari.HikariDataSource       : HikariPool-1 - Starting...
2023-07-15T14:38:53.125+06:00  INFO 17192 --- [main] com.zaxxer.hikari.pool.HikariPool        : HikariPool-1 - Added connection conn0: url=jdbc:h2:mem:silkpay user=SHYNGYS
2023-07-15T14:38:53.126+06:00  INFO 17192 --- [main] com.zaxxer.hikari.HikariDataSource       : HikariPool-1 - Start completed.
2023-07-15T14:38:53.136+06:00  INFO 17192 --- [main] o.s.b.a.h2.H2ConsoleAutoConfiguration    : H2 console available at '/h2-console'. Database available at 'jdbc:h2:mem:silkpay'
2023-07-15T14:38:53.300+06:00  INFO 17192 --- [main] o.hibernate.jpa.internal.util.LogHelper  : HHH000204: Processing PersistenceUnitInfo [name: default]
2023-07-15T14:38:53.349+06:00  INFO 17192 --- [main] org.hibernate.Version                    : HHH000412: Hibernate ORM core version 6.1.7.Final
2023-07-15T14:38:53.623+06:00  INFO 17192 --- [main] SQL dialect                              : HHH000400: Using dialect: org.hibernate.dialect.H2Dialect
2023-07-15T14:38:54.330+06:00  INFO 17192 --- [main] o.h.e.t.j.p.i.JtaPlatformInitiator       : HHH000490: Using JtaPlatform implementation: [org.hibernate.engine.transaction.jta.platform.internal.NoJtaPlatform]
2023-07-15T14:38:54.340+06:00  INFO 17192 --- [main] j.LocalContainerEntityManagerFactoryBean : Initialized JPA EntityManagerFactory for persistence unit 'default'
2023-07-15T14:38:54.928+06:00  WARN 17192 --- [main] JpaBaseConfiguration$JpaWebConfiguration : spring.jpa.open-in-view is enabled by default. Therefore, database queries may be performed during view rendering. Explicitly configure spring.jpa.open-in-view to disable this warning
2023-07-15T14:38:55.611+06:00  INFO 17192 --- [main] o.s.s.web.DefaultSecurityFilterChain     : Will secure any request with [org.springframework.security.web.session.DisableEncodeUrlFilter@51c15508, org.springframework.security.web.context.request.async.WebAsyncManagerIntegrationFilter@164cad52, org.springframework.security.web.context.SecurityContextHolderFilter@41962299, org.springframework.security.web.header.HeaderWriterFilter@4df54c1, org.springframework.security.web.authentication.logout.LogoutFilter@49b6373f, org.springframework.security.web.authentication.www.BasicAuthenticationFilter@230dd372, org.springframework.security.web.savedrequest.RequestCacheAwareFilter@6421bc7e, org.springframework.security.web.servletapi.SecurityContextHolderAwareRequestFilter@a3e458, org.springframework.security.web.authentication.AnonymousAuthenticationFilter@5b977aaa, org.springframework.security.web.access.ExceptionTranslationFilter@5c141c7b, org.springframework.security.web.access.intercept.AuthorizationFilter@24be6e34]
2023-07-15T14:38:55.990+06:00  INFO 17192 --- [main] o.s.b.w.embedded.tomcat.TomcatWebServer  : Tomcat started on port(s): 8080 (http) with context path ''
2023-07-15T14:38:55.998+06:00  INFO 17192 --- [main] c.e.s.SilkpayTestAssignmentApplication   : Started SilkpayTestAssignmentApplication in 5.028 seconds (process running for 5.498)
2023-07-15T14:39:08.507+06:00  INFO 17192 --- [http-nio-8080-exec-1] o.a.c.c.C.[Tomcat].[localhost].[/]       : Initializing Spring DispatcherServlet 'dispatcherServlet'
2023-07-15T14:39:08.508+06:00  INFO 17192 --- [http-nio-8080-exec-1] o.s.web.servlet.DispatcherServlet        : Initializing Servlet 'dispatcherServlet'
2023-07-15T14:39:08.509+06:00  INFO 17192 --- [http-nio-8080-exec-1] o.s.web.servlet.DispatcherServlet        : Completed initialization in 1 ms
2023-07-15T14:39:10.158+06:00  WARN 17192 --- [http-nio-8080-exec-9] ocalVariableTableParameterNameDiscoverer : Using deprecated '-debug' fallback for parameter name resolution. Compile the affected code with '-parameters' instead or avoid its introspection: com.example.silkpaytestassignment.controller.WalletController
2023-07-15T14:39:10.299+06:00  WARN 17192 --- [http-nio-8080-exec-9] ocalVariableTableParameterNameDiscoverer : Using deprecated '-debug' fallback for parameter name resolution. Compile the affected code with '-parameters' instead or avoid its introspection: com.example.silkpaytestassignment.controller.UserController
2023-07-15T14:39:10.303+06:00  WARN 17192 --- [http-nio-8080-exec-9] ocalVariableTableParameterNameDiscoverer : Using deprecated '-debug' fallback for parameter name resolution. Compile the affected code with '-parameters' instead or avoid its introspection: com.example.silkpaytestassignment.controller.TransactionController
2023-07-15T14:39:10.317+06:00  WARN 17192 --- [http-nio-8080-exec-9] ocalVariableTableParameterNameDiscoverer : Using deprecated '-debug' fallback for parameter name resolution. Compile the affected code with '-parameters' instead or avoid its introspection: com.example.silkpaytestassignment.controller.AccountController
2023-07-15T14:39:10.341+06:00  INFO 17192 --- [http-nio-8080-exec-9] o.springdoc.api.AbstractOpenApiResource  : Init duration for springdoc-openapi is: 214 ms
2023-07-15T14:39:32.425+06:00  INFO 17192 --- [http-nio-8080-exec-6] c.e.s.aop.ServiceAspect                  : invoked create method in class com.example.silkpaytestassignment.service.impl.AccountServiceImpl@758655a9, with dto AccountCreateDto(firstName=Shyngys, lastName=Akhulbay, email=1, phoneNumber=string)
2023-07-15T14:39:32.454+06:00  INFO 17192 --- [http-nio-8080-exec-6] c.e.s.aop.ServiceAspect                  : after returning - invoked create method in class com.example.silkpaytestassignment.service.impl.AccountServiceImpl@758655a9, with result AccountReadDto(id=1, firstName=Shyngys, lastName=Akhulbay, email=1, phoneNumber=string, creationDate=2023-07-15)
2023-07-15T14:39:41.297+06:00  INFO 17192 --- [http-nio-8080-exec-7] c.e.s.aop.ServiceAspect                  : invoked findById method in class com.example.silkpaytestassignment.service.impl.AccountServiceImpl@758655a9, with id 1
2023-07-15T14:39:41.307+06:00  INFO 17192 --- [http-nio-8080-exec-7] c.e.s.aop.ServiceAspect                  : after returning - invoked findById method in class com.example.silkpaytestassignment.service.impl.AccountServiceImpl@758655a9, with result AccountReadDto(id=1, firstName=Shyngys, lastName=Akhulbay, email=1, phoneNumber=string     , creationDate=2023-07-15)
2023-07-15T14:39:55.660+06:00  INFO 17192 --- [http-nio-8080-exec-10] c.e.s.aop.ServiceAspect                  : invoked create method in class com.example.silkpaytestassignment.service.impl.WalletServiceImpl@612531a3, with dto WalletCreateDto(balance=2500.0, accountId=1)
2023-07-15T14:39:55.664+06:00  INFO 17192 --- [http-nio-8080-exec-10] c.e.s.aop.ServiceAspect                  : after returning - invoked create method in class com.example.silkpaytestassignment.service.impl.WalletServiceImpl@612531a3, with result WalletReadDto(id=1, balance=2500.0, creationDate=2023-07-15, account=AccountReadDto(id=1, firstName=Shyngys, lastName=Akhulbay, email=1, phoneNumber=string     , creationDate=2023-07-15))
2023-07-15T14:39:59.347+06:00  INFO 17192 --- [http-nio-8080-exec-3] c.e.s.aop.ServiceAspect                  : invoked create method in class com.example.silkpaytestassignment.service.impl.WalletServiceImpl@612531a3, with dto WalletCreateDto(balance=2500.0, accountId=1)
2023-07-15T14:39:59.350+06:00  INFO 17192 --- [http-nio-8080-exec-3] c.e.s.aop.ServiceAspect                  : after returning - invoked create method in class com.example.silkpaytestassignment.service.impl.WalletServiceImpl@612531a3, with result WalletReadDto(id=2, balance=2500.0, creationDate=2023-07-15, account=AccountReadDto(id=1, firstName=Shyngys, lastName=Akhulbay, email=1, phoneNumber=string     , creationDate=2023-07-15))
2023-07-15T14:40:18.852+06:00  INFO 17192 --- [http-nio-8080-exec-5] c.e.s.aop.ServiceAspect                  : invoked create method in class com.example.silkpaytestassignment.service.impl.TransactionServiceImpl@7a689979, with dto TransactionCreateDto(sum=500.0, senderWalletId=1, recipientWalletId=2)
2023-07-15T14:40:18.874+06:00  INFO 17192 --- [http-nio-8080-exec-5] c.e.s.aop.ServiceAspect                  : after returning - invoked create method in class com.example.silkpaytestassignment.service.impl.TransactionServiceImpl@7a689979, with result TransactionReadDto(id=1, sum=500.0, dateTime=2023-07-15T14:40:18.871236900, senderWallet=WalletReadDto(id=1, balance=2000.0, creationDate=2023-07-15, account=AccountReadDto(id=1, firstName=Shyngys, lastName=Akhulbay, email=1, phoneNumber=string     , creationDate=2023-07-15)), recipientWallet=WalletReadDto(id=2, balance=3000.0, creationDate=2023-07-15, account=AccountReadDto(id=1, firstName=Shyngys, lastName=Akhulbay, email=1, phoneNumber=string     , creationDate=2023-07-15)))
2023-07-15T14:40:54.365+06:00  INFO 17192 --- [http-nio-8080-exec-6] c.e.s.aop.ServiceAspect                  : invoked create method in class com.example.silkpaytestassignment.service.impl.TransactionServiceImpl@7a689979, with dto TransactionCreateDto(sum=3000.0, senderWalletId=1, recipientWalletId=2)
2023-07-15T14:40:54.367+06:00  INFO 17192 --- [http-nio-8080-exec-6] c.e.s.aop.ServiceAspect                  : after throwing - invoked create method in class com.example.silkpaytestassignment.service.impl.TransactionServiceImpl@7a689979, with error class com.example.silkpaytestassignment.exeption.InsufficientFundsException:You don't have enough funds on your balance!
2023-07-15T14:41:34.197+06:00  INFO 17192 --- [http-nio-8080-exec-8] c.e.s.aop.ServiceAspect                  : invoked findById method in class com.example.silkpaytestassignment.service.impl.WalletServiceImpl@612531a3, with id 1
2023-07-15T14:41:34.200+06:00  INFO 17192 --- [http-nio-8080-exec-8] c.e.s.aop.ServiceAspect                  : after returning - invoked findById method in class com.example.silkpaytestassignment.service.impl.WalletServiceImpl@612531a3, with result WalletReadDto(id=1, balance=2000.0, creationDate=2023-07-15, account=AccountReadDto(id=1, firstName=Shyngys, lastName=Akhulbay, email=1, phoneNumber=string     , creationDate=2023-07-15))
2023-07-15T14:41:39.661+06:00  INFO 17192 --- [http-nio-8080-exec-7] c.e.s.aop.ServiceAspect                  : invoked findById method in class com.example.silkpaytestassignment.service.impl.WalletServiceImpl@612531a3, with id 2
2023-07-15T14:41:39.662+06:00  INFO 17192 --- [http-nio-8080-exec-7] c.e.s.aop.ServiceAspect                  : after returning - invoked findById method in class com.example.silkpaytestassignment.service.impl.WalletServiceImpl@612531a3, with result WalletReadDto(id=2, balance=3000.0, creationDate=2023-07-15, account=AccountReadDto(id=1, firstName=Shyngys, lastName=Akhulbay, email=1, phoneNumber=string     , creationDate=2023-07-15))
2023-07-15T14:41:53.070+06:00  INFO 17192 --- [SpringApplicationShutdownHook] j.LocalContainerEntityManagerFactoryBean : Closing JPA EntityManagerFactory for persistence unit 'default'
2023-07-15T14:41:53.072+06:00  INFO 17192 --- [SpringApplicationShutdownHook] com.zaxxer.hikari.HikariDataSource       : HikariPool-1 - Shutdown initiated...
2023-07-15T14:41:53.074+06:00  INFO 17192 --- [SpringApplicationShutdownHook] com.zaxxer.hikari.HikariDataSource       : HikariPool-1 - Shutdown completed.
